<?xml version="1.0" encoding="UTF-8"?>
<testng-results skipped="0" failed="0" total="1" passed="1">
  <reporter-output>
  </reporter-output>
  <suite name="Suite" duration-ms="13538" started-at="2018-07-05T07:16:06Z" finished-at="2018-07-05T07:16:19Z">
    <groups>
    </groups>
    <test name="Test" duration-ms="13538" started-at="2018-07-05T07:16:06Z" finished-at="2018-07-05T07:16:19Z">
      <class name="herbalife.testcase.code.NewTest">
        <test-method status="PASS" signature="beforeTest()[pri:0, instance:herbalife.testcase.code.NewTest@1794d431]" name="beforeTest" is-config="true" duration-ms="3455" started-at="2018-07-05T15:16:06Z" finished-at="2018-07-05T15:16:09Z">
          <reporter-output>
          </reporter-output>
        </test-method> <!-- beforeTest -->
        <test-method status="PASS" signature="open()[pri:0, instance:herbalife.testcase.code.NewTest@1794d431]" name="open" duration-ms="4258" started-at="2018-07-05T15:16:09Z" finished-at="2018-07-05T15:16:14Z">
          <reporter-output>
          </reporter-output>
        </test-method> <!-- open -->
        <test-method status="PASS" signature="afterTest()[pri:0, instance:herbalife.testcase.code.NewTest@1794d431]" name="afterTest" is-config="true" duration-ms="5809" started-at="2018-07-05T15:16:14Z" finished-at="2018-07-05T15:16:19Z">
          <reporter-output>
          </reporter-output>
        </test-method> <!-- afterTest -->
      </class> <!-- herbalife.testcase.code.NewTest -->
    </test> <!-- Test -->
  </suite> <!-- Suite -->
</testng-results>
